<?xml version="1.0" encoding="UTF-8"?>
<testsuite xmlns:xsi="http://www.w3.org/2001/XMLSchema-instance" xsi:noNamespaceSchemaLocation="https://maven.apache.org/surefire/maven-surefire-plugin/xsd/surefire-test-report.xsd" version="3.0.2" name="TestSuite" time="26.048" tests="2" errors="0" skipped="0" failures="0">
  <properties>
[...]
</properties>
  <testcase name="validateBanners" classname="coverFoxTest.CoverFoxTC" time="4.115">
    <system-out><![CDATA[ INFO [main] (CoverFoxTC.java:40)- opening browser
launching browser
 INFO [main] (CoverFoxTC.java:53)- clicking on gender button
clicking on gender button
 INFO [main] (CoverFoxTC.java:56)- clicking on next button
clicking on next button
 WARN [main] (CoverFoxTC.java:59)- enter age between 15 to 80
handling age drop down
 INFO [main] (CoverFoxTC.java:61)- clicking on next button
clicking on next button
 WARN [main] (CoverFoxTC.java:64)- enter valid pin code
entering pin code
 WARN [main] (CoverFoxTC.java:66)- enter valid mobile number
 INFO [main] (CoverFoxTC.java:67)- entering mobile number
entering mobile number
 INFO [main] (CoverFoxTC.java:69)- clicking on next button
Clicking on next button
validateBannersTC execution started
 INFO [main] (CoverFoxTC.java:76)- validating banner
]]></system-out>
    <system-err><![CDATA[SLF4J(W): No SLF4J providers were found.
SLF4J(W): Defaulting to no-operation (NOP) logger implementation
SLF4J(W): See https://www.slf4j.org/codes.html#noProviders for further details.
ERROR StatusLogger Log4j2 could not find a logging implementation. Please add log4j-core to the classpath. Using SimpleLogger to log to the console...
]]></system-err>
  </testcase>
  <testcase name="validatePresenceOfSortButton" classname="coverFoxTest.CoverFoxTC" time="4.364">
    <system-out><![CDATA[validatePresenceOfSortButtonTC execution started
 INFO [main] (CoverFoxTC.java:90)- validating presence of sort button
]]></system-out>
  </testcase>
</testsuite>