<?xml version="1.0" encoding="UTF-8"?>
<testng-results ignored="0" total="2" passed="2" failed="0" skipped="0">
  <reporter-output>
    <line>
      <![CDATA[launching browser]]>
    </line>
    <line>
      <![CDATA[waiting]]>
    </line>
    <line>
      <![CDATA[clicking on gender button]]>
    </line>
    <line>
      <![CDATA[clicking on next button]]>
    </line>
    <line>
      <![CDATA[handling age drop down]]>
    </line>
    <line>
      <![CDATA[clicking on next button]]>
    </line>
    <line>
      <![CDATA[entering pin code]]>
    </line>
    <line>
      <![CDATA[entering mobile number]]>
    </line>
    <line>
      <![CDATA[Clicking on next button]]>
    </line>
    <line>
      <![CDATA[validateBannersTC execution started]]>
    </line>
    <line>
      <![CDATA[validatePresenceOfSortButtonTC execution started]]>
    </line>
    <line>
      <![CDATA[closing browser]]>
    </line>
  </reporter-output>
  <suite started-at="2024-08-13T17:59:26 IST" name="Suite" finished-at="2024-08-13T17:59:49 IST" duration-ms="23386">
    <groups>
    </groups>
    <test started-at="2024-08-13T17:59:26 IST" name="Test" finished-at="2024-08-13T17:59:49 IST" duration-ms="23386">
      <class name="coverFoxTest.CoverFoxTC">
        <test-method is-config="true" signature="launchBrowser()[pri:0, instance:coverFoxTest.CoverFoxTC@7cc0cdad]" started-at="2024-08-13T17:59:26 IST" name="launchBrowser" finished-at="2024-08-13T17:59:30 IST" duration-ms="3915" status="PASS">
          <reporter-output>
            <line>
              <![CDATA[launching browser]]>
            </line>
            <line>
              <![CDATA[waiting]]>
            </line>
          </reporter-output>
        </test-method> <!-- launchBrowser -->
        <test-method is-config="true" signature="preConditions()[pri:0, instance:coverFoxTest.CoverFoxTC@7cc0cdad]" started-at="2024-08-13T17:59:30 IST" name="preConditions" finished-at="2024-08-13T17:59:39 IST" duration-ms="9717" status="PASS">
          <reporter-output>
            <line>
              <![CDATA[clicking on gender button]]>
            </line>
            <line>
              <![CDATA[clicking on next button]]>
            </line>
            <line>
              <![CDATA[handling age drop down]]>
            </line>
            <line>
              <![CDATA[clicking on next button]]>
            </line>
            <line>
              <![CDATA[entering pin code]]>
            </line>
            <line>
              <![CDATA[entering mobile number]]>
            </line>
            <line>
              <![CDATA[Clicking on next button]]>
            </line>
          </reporter-output>
        </test-method> <!-- preConditions -->
        <test-method signature="validateBanners()[pri:0, instance:coverFoxTest.CoverFoxTC@7cc0cdad]" started-at="2024-08-13T17:59:39 IST" name="validateBanners" finished-at="2024-08-13T17:59:44 IST" duration-ms="4109" status="PASS">
          <reporter-output>
            <line>
              <![CDATA[validateBannersTC execution started]]>
            </line>
          </reporter-output>
        </test-method> <!-- validateBanners -->
        <test-method signature="validatePresenceOfSortButton()[pri:0, instance:coverFoxTest.CoverFoxTC@7cc0cdad]" started-at="2024-08-13T17:59:44 IST" name="validatePresenceOfSortButton" finished-at="2024-08-13T17:59:48 IST" duration-ms="4367" status="PASS">
          <reporter-output>
            <line>
              <![CDATA[validatePresenceOfSortButtonTC execution started]]>
            </line>
          </reporter-output>
        </test-method> <!-- validatePresenceOfSortButton -->
        <test-method is-config="true" signature="closeBrowser()[pri:0, instance:coverFoxTest.CoverFoxTC@7cc0cdad]" started-at="2024-08-13T17:59:48 IST" name="closeBrowser" finished-at="2024-08-13T17:59:49 IST" duration-ms="1192" status="PASS">
          <reporter-output>
            <line>
              <![CDATA[closing browser]]>
            </line>
          </reporter-output>
        </test-method> <!-- closeBrowser -->
      </class> <!-- coverFoxTest.CoverFoxTC -->
    </test> <!-- Test -->
  </suite> <!-- Suite -->
</testng-results>
